[2024-03-26 09:29:29.339] [info] Using configuration file /home/liam/.config/waybar/config.jsonc
[2024-03-26 09:29:29.341] [info] Using CSS file /home/liam/.config/waybar/style.css
[2024-03-26 09:29:29.380] [info] Hyprland IPC starting
[2024-03-26 09:29:29.413] [info] Loading persistent workspaces from Hyprland workspace rules
[2024-03-26 09:29:29.443] [info] Bar configured (width: 35, height: 1080) for output: DP-2
[2024-03-26 09:29:29.443] [error] Item '': No icon name or pixmap given.
[2024-03-26 09:29:36.634] [info] Hyprland config reloaded, reinitializing hyprland/workspaces module...
[2024-03-26 09:29:36.653] [info] Loading persistent workspaces from Hyprland workspace rules
[2024-03-26 09:29:37.172] [info] Reloading...
[2024-03-26 09:29:37.175] [info] Using configuration file /home/liam/.config/waybar/config.jsonc
[2024-03-26 09:29:37.175] [info] Using CSS file /home/liam/.config/waybar/style.css
**
GLib-GIO:ERROR:../glib/gio/gapplicationimpl-dbus.c:837:g_application_impl_command_line: assertion failed: (object_id != 0)
Bail out! GLib-GIO:ERROR:../glib/gio/gapplicationimpl-dbus.c:837:g_application_impl_command_line: assertion failed: (object_id != 0)
[2024-03-26 09:29:37.270] [info] Using configuration file /home/liam/.config/waybar/config.jsonc
[2024-03-26 09:29:37.272] [info] Using CSS file /home/liam/.config/waybar/style.css
[2024-03-26 09:29:37.319] [info] Hyprland IPC starting
[2024-03-26 09:29:37.328] [info] Loading persistent workspaces from Hyprland workspace rules
[2024-03-26 09:29:37.378] [info] Bar configured (width: 35, height: 1080) for output: DP-2
[2024-03-26 09:29:37.378] [error] Item '': No icon name or pixmap given.
[2024-03-26 09:29:39.446] [info] Reloading...
[2024-03-26 09:29:39.449] [info] Using configuration file /home/liam/.config/waybar/config.jsonc
[2024-03-26 09:29:39.449] [info] Using CSS file /home/liam/.config/waybar/style.css
**
GLib-GIO:ERROR:../glib/gio/gapplicationimpl-dbus.c:837:g_application_impl_command_line: assertion failed: (object_id != 0)
Bail out! GLib-GIO:ERROR:../glib/gio/gapplicationimpl-dbus.c:837:g_application_impl_command_line: assertion failed: (object_id != 0)
[2024-03-26 09:29:39.535] [info] Using configuration file /home/liam/.config/waybar/config.jsonc
[2024-03-26 09:29:39.536] [info] Using CSS file /home/liam/.config/waybar/style.css
[2024-03-26 09:29:39.580] [info] Hyprland IPC starting
[2024-03-26 09:29:39.587] [info] Loading persistent workspaces from Hyprland workspace rules
[2024-03-26 09:29:39.636] [info] Bar configured (width: 35, height: 1080) for output: DP-2
[2024-03-26 09:29:43.898] [info] Reloading...
[2024-03-26 09:29:43.901] [info] Using configuration file /home/liam/.config/waybar/config.jsonc
[2024-03-26 09:29:43.901] [info] Using CSS file /home/liam/.config/waybar/style.css
**
GLib-GIO:ERROR:../glib/gio/gapplicationimpl-dbus.c:837:g_application_impl_command_line: assertion failed: (object_id != 0)
Bail out! GLib-GIO:ERROR:../glib/gio/gapplicationimpl-dbus.c:837:g_application_impl_command_line: assertion failed: (object_id != 0)
[2024-03-26 09:29:43.993] [info] Using configuration file /home/liam/.config/waybar/config.jsonc
[2024-03-26 09:29:43.994] [info] Using CSS file /home/liam/.config/waybar/style.css
[2024-03-26 09:29:44.058] [info] Hyprland IPC starting
[2024-03-26 09:29:44.103] [info] Loading persistent workspaces from Hyprland workspace rules
[2024-03-26 09:29:44.159] [info] Bar configured (width: 35, height: 1080) for output: DP-2
[2024-03-26 09:29:44.159] [error] Item '': No icon name or pixmap given.
[2024-03-26 09:29:52.766] [info] Hyprland config reloaded, reinitializing hyprland/workspaces module...
[2024-03-26 09:29:52.786] [info] Loading persistent workspaces from Hyprland workspace rules
[2024-03-26 09:29:53.179] [info] Reloading...
[2024-03-26 09:29:53.181] [info] Using configuration file /home/liam/.config/waybar/config.jsonc
[2024-03-26 09:29:53.181] [info] Using CSS file /home/liam/.config/waybar/style.css
[2024-03-26 09:29:53.184] [info] Loading persistent workspaces from Hyprland workspace rules
[2024-03-26 09:29:53.225] [info] Bar configured (width: 35, height: 1080) for output: DP-2
[2024-03-26 09:29:53.275] [info] Using configuration file /home/liam/.config/waybar/config.jsonc
[2024-03-26 09:29:53.276] [info] Using CSS file /home/liam/.config/waybar/style.css
[2024-03-26 09:29:53.313] [info] Hyprland IPC starting
[2024-03-26 09:29:53.315] [info] Loading persistent workspaces from Hyprland workspace rules
[2024-03-26 09:29:53.372] [info] Bar configured (width: 35, height: 1080) for output: DP-2
[2024-03-26 09:29:56.872] [info] Hyprland config reloaded, reinitializing hyprland/workspaces module...
[2024-03-26 09:29:56.872] [info] Hyprland config reloaded, reinitializing hyprland/workspaces module...
[2024-03-26 09:29:56.892] [info] Loading persistent workspaces from Hyprland workspace rules
[2024-03-26 09:29:56.892] [info] Loading persistent workspaces from Hyprland workspace rules
[2024-03-26 09:29:56.907] [info] Reloading...
[2024-03-26 09:29:56.907] [info] Reloading...
[2024-03-26 09:29:56.909] [info] Using configuration file /home/liam/.config/waybar/config.jsonc
[2024-03-26 09:29:56.909] [info] Using CSS file /home/liam/.config/waybar/style.css
[2024-03-26 09:29:56.909] [info] Using configuration file /home/liam/.config/waybar/config.jsonc
[2024-03-26 09:29:56.910] [info] Using CSS file /home/liam/.config/waybar/style.css
**
GLib-GIO:ERROR:../glib/gio/gapplicationimpl-dbus.c:837:g_application_impl_command_line: assertion failed: (object_id != 0)
Bail out! GLib-GIO:ERROR:../glib/gio/gapplicationimpl-dbus.c:837:g_application_impl_command_line: assertion failed: (object_id != 0)
[2024-03-26 09:29:57.017] [info] Using configuration file /home/liam/.config/waybar/config.jsonc
[2024-03-26 09:29:57.019] [info] Using CSS file /home/liam/.config/waybar/style.css
**
GLib-GIO:ERROR:../glib/gio/gapplicationimpl-dbus.c:837:g_application_impl_command_line: assertion failed: (object_id != 0)
Bail out! GLib-GIO:ERROR:../glib/gio/gapplicationimpl-dbus.c:837:g_application_impl_command_line: assertion failed: (object_id != 0)
[2024-03-26 09:29:57.088] [info] Hyprland IPC starting
[2024-03-26 09:29:57.115] [info] Loading persistent workspaces from Hyprland workspace rules
[2024-03-26 09:29:57.154] [info] Bar configured (width: 35, height: 1080) for output: DP-2
[2024-03-26 09:29:58.978] [info] Hyprland config reloaded, reinitializing hyprland/workspaces module...
[2024-03-26 09:29:58.990] [info] Loading persistent workspaces from Hyprland workspace rules
[2024-03-26 09:29:59.657] [info] Reloading...
[2024-03-26 09:29:59.660] [info] Using configuration file /home/liam/.config/waybar/config.jsonc
[2024-03-26 09:29:59.660] [info] Using CSS file /home/liam/.config/waybar/style.css
**
GLib-GIO:ERROR:../glib/gio/gapplicationimpl-dbus.c:837:g_application_impl_command_line: assertion failed: (object_id != 0)
Bail out! GLib-GIO:ERROR:../glib/gio/gapplicationimpl-dbus.c:837:g_application_impl_command_line: assertion failed: (object_id != 0)
[2024-03-26 09:29:59.758] [info] Using configuration file /home/liam/.config/waybar/config.jsonc
[2024-03-26 09:29:59.760] [info] Using CSS file /home/liam/.config/waybar/style.css
[2024-03-26 09:29:59.796] [info] Hyprland IPC starting
[2024-03-26 09:29:59.801] [info] Loading persistent workspaces from Hyprland workspace rules
[2024-03-26 09:29:59.875] [info] Bar configured (width: 35, height: 1080) for output: DP-2
[2024-03-26 09:29:59.875] [error] Item '': No icon name or pixmap given.
[2024-03-26 09:30:05.084] [info] Hyprland config reloaded, reinitializing hyprland/workspaces module...
[2024-03-26 09:30:05.103] [info] Loading persistent workspaces from Hyprland workspace rules
[2024-03-26 09:30:05.380] [info] Reloading...
[2024-03-26 09:30:05.382] [info] Using configuration file /home/liam/.config/waybar/config.jsonc
[2024-03-26 09:30:05.382] [info] Using CSS file /home/liam/.config/waybar/style.css
**
GLib-GIO:ERROR:../glib/gio/gapplicationimpl-dbus.c:837:g_application_impl_command_line: assertion failed: (object_id != 0)
Bail out! GLib-GIO:ERROR:../glib/gio/gapplicationimpl-dbus.c:837:g_application_impl_command_line: assertion failed: (object_id != 0)
[2024-03-26 09:30:05.482] [info] Using configuration file /home/liam/.config/waybar/config.jsonc
[2024-03-26 09:30:05.483] [info] Using CSS file /home/liam/.config/waybar/style.css
[2024-03-26 09:30:05.501] [info] Hyprland IPC starting
[2024-03-26 09:30:05.505] [info] Loading persistent workspaces from Hyprland workspace rules
[2024-03-26 09:30:05.530] [info] Bar configured (width: 35, height: 1080) for output: DP-2
[2024-03-26 09:30:05.530] [error] Item '': No icon name or pixmap given.
[2024-03-26 09:30:07.550] [info] Reloading...
[2024-03-26 09:30:07.553] [info] Using configuration file /home/liam/.config/waybar/config.jsonc
[2024-03-26 09:30:07.553] [info] Using CSS file /home/liam/.config/waybar/style.css
**
GLib-GIO:ERROR:../glib/gio/gapplicationimpl-dbus.c:837:g_application_impl_command_line: assertion failed: (object_id != 0)
Bail out! GLib-GIO:ERROR:../glib/gio/gapplicationimpl-dbus.c:837:g_application_impl_command_line: assertion failed: (object_id != 0)
[2024-03-26 09:30:07.627] [info] Using configuration file /home/liam/.config/waybar/config.jsonc
[2024-03-26 09:30:07.628] [info] Using CSS file /home/liam/.config/waybar/style.css
[2024-03-26 09:30:07.635] [info] Hyprland IPC starting
[2024-03-26 09:30:07.651] [info] Loading persistent workspaces from Hyprland workspace rules
[2024-03-26 09:30:07.678] [info] Bar configured (width: 35, height: 1080) for output: DP-2
[2024-03-26 09:30:07.678] [error] Item '': No icon name or pixmap given.
[2024-03-26 09:32:28.597] [info] Reloading...
[2024-03-26 09:32:28.599] [info] Using configuration file /home/liam/.config/waybar/config.jsonc
[2024-03-26 09:32:28.599] [info] Using CSS file /home/liam/.config/waybar/style.css
**
GLib-GIO:ERROR:../glib/gio/gapplicationimpl-dbus.c:837:g_application_impl_command_line: assertion failed: (object_id != 0)
Bail out! GLib-GIO:ERROR:../glib/gio/gapplicationimpl-dbus.c:837:g_application_impl_command_line: assertion failed: (object_id != 0)
[2024-03-26 09:32:28.692] [info] Using configuration file /home/liam/.config/waybar/config.jsonc
[2024-03-26 09:32:28.693] [info] Using CSS file /home/liam/.config/waybar/style.css
[2024-03-26 09:32:28.732] [info] Hyprland IPC starting
[2024-03-26 09:32:28.744] [info] Loading persistent workspaces from Hyprland workspace rules
[2024-03-26 09:32:28.797] [info] Bar configured (width: 35, height: 1080) for output: DP-2
[2024-03-26 09:32:56.947] [info] Reloading...
[2024-03-26 09:32:56.950] [info] Using configuration file /home/liam/.config/waybar/config.jsonc
[2024-03-26 09:32:56.950] [info] Using CSS file /home/liam/.config/waybar/style.css
**
GLib-GIO:ERROR:../glib/gio/gapplicationimpl-dbus.c:837:g_application_impl_command_line: assertion failed: (object_id != 0)
Bail out! GLib-GIO:ERROR:../glib/gio/gapplicationimpl-dbus.c:837:g_application_impl_command_line: assertion failed: (object_id != 0)
[2024-03-26 09:32:57.050] [info] Using configuration file /home/liam/.config/waybar/config.jsonc
[2024-03-26 09:32:57.051] [info] Using CSS file /home/liam/.config/waybar/style.css
[2024-03-26 09:32:57.097] [info] Hyprland IPC starting
[2024-03-26 09:32:57.166] [info] Loading persistent workspaces from Hyprland workspace rules
[2024-03-26 09:32:57.214] [info] Bar configured (width: 35, height: 1080) for output: DP-2
[2024-03-26 09:32:57.214] [error] Item '': No icon name or pixmap given.
[2024-03-26 09:32:58.824] [info] Reloading...
[2024-03-26 09:32:58.827] [info] Using configuration file /home/liam/.config/waybar/config.jsonc
[2024-03-26 09:32:58.827] [info] Using CSS file /home/liam/.config/waybar/style.css
**
GLib-GIO:ERROR:../glib/gio/gapplicationimpl-dbus.c:837:g_application_impl_command_line: assertion failed: (object_id != 0)
Bail out! GLib-GIO:ERROR:../glib/gio/gapplicationimpl-dbus.c:837:g_application_impl_command_line: assertion failed: (object_id != 0)
[2024-03-26 09:32:58.919] [info] Using configuration file /home/liam/.config/waybar/config.jsonc
[2024-03-26 09:32:58.920] [info] Using CSS file /home/liam/.config/waybar/style.css
[2024-03-26 09:32:58.934] [info] Hyprland IPC starting
[2024-03-26 09:32:58.935] [info] Loading persistent workspaces from Hyprland workspace rules
[2024-03-26 09:32:58.965] [info] Bar configured (width: 35, height: 1080) for output: DP-2
[2024-03-26 09:32:58.965] [error] Item '': No icon name or pixmap given.

DP-2: 2560x1080, scale: 1, currently displaying: image: /home/liam/repos/wallpapers/alena-aenami-lines1k.jpg
[2024-03-26 09:34:39.988] [info] Reloading...
[2024-03-26 09:34:39.991] [info] Using configuration file /home/liam/.config/waybar/config.jsonc
[2024-03-26 09:34:39.991] [info] Using CSS file /home/liam/.config/waybar/style.css
**
GLib-GIO:ERROR:../glib/gio/gapplicationimpl-dbus.c:837:g_application_impl_command_line: assertion failed: (object_id != 0)
Bail out! GLib-GIO:ERROR:../glib/gio/gapplicationimpl-dbus.c:837:g_application_impl_command_line: assertion failed: (object_id != 0)
[2024-03-26 09:34:53.647] [info] Using configuration file /home/liam/.config/waybar/config.jsonc
[2024-03-26 09:34:53.649] [info] Using CSS file /home/liam/.config/waybar/style.css
[2024-03-26 09:34:53.652] [info] Hyprland IPC starting
[2024-03-26 09:34:53.654] [info] Loading persistent workspaces from Hyprland workspace rules
[2024-03-26 09:34:53.676] [info] Bar configured (width: 35, height: 1080) for output: DP-2
[2024-03-26 09:34:57.435] [info] Hyprland config reloaded, reinitializing hyprland/workspaces module...
[2024-03-26 09:34:57.449] [info] Loading persistent workspaces from Hyprland workspace rules
[2024-03-26 09:34:58.270] [info] Reloading...
[2024-03-26 09:34:58.273] [info] Using configuration file /home/liam/.config/waybar/config.jsonc
[2024-03-26 09:34:58.273] [info] Using CSS file /home/liam/.config/waybar/style.css
**
GLib-GIO:ERROR:../glib/gio/gapplicationimpl-dbus.c:837:g_application_impl_command_line: assertion failed: (object_id != 0)
Bail out! GLib-GIO:ERROR:../glib/gio/gapplicationimpl-dbus.c:837:g_application_impl_command_line: assertion failed: (object_id != 0)
[2024-03-26 09:34:58.334] [info] Using configuration file /home/liam/.config/waybar/config.jsonc
[2024-03-26 09:34:58.336] [info] Using CSS file /home/liam/.config/waybar/style.css
[2024-03-26 09:34:58.339] [info] Hyprland IPC starting
[2024-03-26 09:34:58.341] [info] Loading persistent workspaces from Hyprland workspace rules
[2024-03-26 09:34:58.364] [info] Bar configured (width: 35, height: 1080) for output: DP-2
[2024-03-26 09:34:58.364] [error] Item '': No icon name or pixmap given.
